[14-Dec-2022 13:46:46 UTC] PHP Warning:  mysqli_real_connect(): (HY000/1045): Access denied for user 'shubizle11_new'@'localhost' (using password: YES) in C:\xampp\htdocs\taobeauty\wp-includes\wp-db.php on line 1753
[14-Dec-2022 13:46:46 UTC] PHP Warning:  mysqli_real_connect(): (HY000/1045): Access denied for user 'shubizle11_new'@'localhost' (using password: YES) in C:\xampp\htdocs\taobeauty\wp-includes\wp-db.php on line 1753
[14-Dec-2022 13:50:39 UTC] PHP Warning:  mysqli_real_connect(): (HY000/1045): Access denied for user 'shubizle11_new'@'localhost' (using password: YES) in C:\xampp\htdocs\taobeauty\wp-includes\wp-db.php on line 1753
[14-Dec-2022 13:51:37 UTC] PHP Warning:  mysqli_real_connect(): (HY000/1045): Access denied for user 'root'@'localhost' (using password: YES) in C:\xampp\htdocs\taobeauty\wp-includes\wp-db.php on line 1753
[14-Dec-2022 13:51:40 UTC] PHP Warning:  mysqli_real_connect(): (HY000/1045): Access denied for user 'root'@'localhost' (using password: YES) in C:\xampp\htdocs\taobeauty\wp-includes\wp-db.php on line 1753
[14-Dec-2022 13:51:54 UTC] PHP Deprecated:  Return type of Requests_Cookie_Jar::offsetExists($key) should either be compatible with ArrayAccess::offsetExists(mixed $offset): bool, or the #[\ReturnTypeWillChange] attribute should be used to temporarily suppress the notice in C:\xampp\htdocs\taobeauty\wp-includes\Requests\Cookie\Jar.php on line 63
[14-Dec-2022 13:51:54 UTC] PHP Deprecated:  Return type of Requests_Cookie_Jar::offsetGet($key) should either be compatible with ArrayAccess::offsetGet(mixed $offset): mixed, or the #[\ReturnTypeWillChange] attribute should be used to temporarily suppress the notice in C:\xampp\htdocs\taobeauty\wp-includes\Requests\Cookie\Jar.php on line 73
[14-Dec-2022 13:51:54 UTC] PHP Deprecated:  Return type of Requests_Cookie_Jar::offsetSet($key, $value) should either be compatible with ArrayAccess::offsetSet(mixed $offset, mixed $value): void, or the #[\ReturnTypeWillChange] attribute should be used to temporarily suppress the notice in C:\xampp\htdocs\taobeauty\wp-includes\Requests\Cookie\Jar.php on line 89
[14-Dec-2022 13:51:54 UTC] PHP Deprecated:  Return type of Requests_Cookie_Jar::offsetUnset($key) should either be compatible with ArrayAccess::offsetUnset(mixed $offset): void, or the #[\ReturnTypeWillChange] attribute should be used to temporarily suppress the notice in C:\xampp\htdocs\taobeauty\wp-includes\Requests\Cookie\Jar.php on line 102
[14-Dec-2022 13:51:54 UTC] PHP Deprecated:  Return type of Requests_Cookie_Jar::getIterator() should either be compatible with IteratorAggregate::getIterator(): Traversable, or the #[\ReturnTypeWillChange] attribute should be used to temporarily suppress the notice in C:\xampp\htdocs\taobeauty\wp-includes\Requests\Cookie\Jar.php on line 111
[14-Dec-2022 13:51:55 UTC] PHP Deprecated:  Return type of Requests_Utility_CaseInsensitiveDictionary::offsetExists($key) should either be compatible with ArrayAccess::offsetExists(mixed $offset): bool, or the #[\ReturnTypeWillChange] attribute should be used to temporarily suppress the notice in C:\xampp\htdocs\taobeauty\wp-includes\Requests\Utility\CaseInsensitiveDictionary.php on line 40
[14-Dec-2022 13:51:55 UTC] PHP Deprecated:  Return type of Requests_Utility_CaseInsensitiveDictionary::offsetGet($key) should either be compatible with ArrayAccess::offsetGet(mixed $offset): mixed, or the #[\ReturnTypeWillChange] attribute should be used to temporarily suppress the notice in C:\xampp\htdocs\taobeauty\wp-includes\Requests\Utility\CaseInsensitiveDictionary.php on line 51
[14-Dec-2022 13:51:55 UTC] PHP Deprecated:  Return type of Requests_Utility_CaseInsensitiveDictionary::offsetSet($key, $value) should either be compatible with ArrayAccess::offsetSet(mixed $offset, mixed $value): void, or the #[\ReturnTypeWillChange] attribute should be used to temporarily suppress the notice in C:\xampp\htdocs\taobeauty\wp-includes\Requests\Utility\CaseInsensitiveDictionary.php on line 68
[14-Dec-2022 13:51:55 UTC] PHP Deprecated:  Return type of Requests_Utility_CaseInsensitiveDictionary::offsetUnset($key) should either be compatible with ArrayAccess::offsetUnset(mixed $offset): void, or the #[\ReturnTypeWillChange] attribute should be used to temporarily suppress the notice in C:\xampp\htdocs\taobeauty\wp-includes\Requests\Utility\CaseInsensitiveDictionary.php on line 82
[14-Dec-2022 13:51:55 UTC] PHP Deprecated:  Return type of Requests_Utility_CaseInsensitiveDictionary::getIterator() should either be compatible with IteratorAggregate::getIterator(): Traversable, or the #[\ReturnTypeWillChange] attribute should be used to temporarily suppress the notice in C:\xampp\htdocs\taobeauty\wp-includes\Requests\Utility\CaseInsensitiveDictionary.php on line 91
[14-Dec-2022 13:51:55 UTC] PHP Warning:  Undefined variable $short_name in C:\xampp\htdocs\taobeauty\wp-content\themes\taobeauty\template-parts\components\home\services.php on line 28
[14-Dec-2022 13:51:55 UTC] PHP Warning:  Undefined variable $short_name in C:\xampp\htdocs\taobeauty\wp-content\themes\taobeauty\template-parts\components\home\services.php on line 28
[14-Dec-2022 13:51:55 UTC] PHP Warning:  Undefined variable $short_name in C:\xampp\htdocs\taobeauty\wp-content\themes\taobeauty\template-parts\components\home\services.php on line 28
[14-Dec-2022 13:51:55 UTC] PHP Warning:  Undefined variable $short_name in C:\xampp\htdocs\taobeauty\wp-content\themes\taobeauty\template-parts\components\home\services.php on line 28
[14-Dec-2022 13:51:55 UTC] PHP Warning:  Undefined variable $short_name in C:\xampp\htdocs\taobeauty\wp-content\themes\taobeauty\template-parts\components\home\services.php on line 28
[14-Dec-2022 13:52:12 UTC] PHP Deprecated:  rtrim(): Passing null to parameter #1 ($string) of type string is deprecated in C:\xampp\htdocs\taobeauty\wp-includes\formatting.php on line 2772
[14-Dec-2022 13:52:12 UTC] PHP Deprecated:  rtrim(): Passing null to parameter #1 ($string) of type string is deprecated in C:\xampp\htdocs\taobeauty\wp-includes\formatting.php on line 2772
[14-Dec-2022 13:52:12 UTC] PHP Deprecated:  rtrim(): Passing null to parameter #1 ($string) of type string is deprecated in C:\xampp\htdocs\taobeauty\wp-includes\formatting.php on line 2772
[14-Dec-2022 13:52:12 UTC] PHP Deprecated:  rtrim(): Passing null to parameter #1 ($string) of type string is deprecated in C:\xampp\htdocs\taobeauty\wp-includes\formatting.php on line 2772
[14-Dec-2022 13:52:12 UTC] PHP Deprecated:  rtrim(): Passing null to parameter #1 ($string) of type string is deprecated in C:\xampp\htdocs\taobeauty\wp-includes\formatting.php on line 2772
[14-Dec-2022 13:52:12 UTC] PHP Deprecated:  rtrim(): Passing null to parameter #1 ($string) of type string is deprecated in C:\xampp\htdocs\taobeauty\wp-includes\formatting.php on line 2772
[14-Dec-2022 13:52:12 UTC] PHP Deprecated:  rtrim(): Passing null to parameter #1 ($string) of type string is deprecated in C:\xampp\htdocs\taobeauty\wp-includes\formatting.php on line 2772
[14-Dec-2022 13:52:12 UTC] PHP Deprecated:  rtrim(): Passing null to parameter #1 ($string) of type string is deprecated in C:\xampp\htdocs\taobeauty\wp-includes\formatting.php on line 2772
[14-Dec-2022 13:52:12 UTC] PHP Deprecated:  rtrim(): Passing null to parameter #1 ($string) of type string is deprecated in C:\xampp\htdocs\taobeauty\wp-includes\formatting.php on line 2772
[14-Dec-2022 13:52:15 UTC] PHP Deprecated:  rtrim(): Passing null to parameter #1 ($string) of type string is deprecated in C:\xampp\htdocs\taobeauty\wp-includes\formatting.php on line 2772
[14-Dec-2022 13:52:15 UTC] PHP Deprecated:  rtrim(): Passing null to parameter #1 ($string) of type string is deprecated in C:\xampp\htdocs\taobeauty\wp-includes\formatting.php on line 2772
[14-Dec-2022 13:52:18 UTC] PHP Deprecated:  rtrim(): Passing null to parameter #1 ($string) of type string is deprecated in C:\xampp\htdocs\taobeauty\wp-includes\formatting.php on line 2772
[14-Dec-2022 13:52:18 UTC] PHP Deprecated:  rtrim(): Passing null to parameter #1 ($string) of type string is deprecated in C:\xampp\htdocs\taobeauty\wp-includes\formatting.php on line 2772
[14-Dec-2022 13:52:20 UTC] PHP Deprecated:  rtrim(): Passing null to parameter #1 ($string) of type string is deprecated in C:\xampp\htdocs\taobeauty\wp-includes\formatting.php on line 2772
[14-Dec-2022 13:52:20 UTC] PHP Deprecated:  rtrim(): Passing null to parameter #1 ($string) of type string is deprecated in C:\xampp\htdocs\taobeauty\wp-includes\formatting.php on line 2772
[14-Dec-2022 13:52:30 UTC] PHP Deprecated:  preg_replace(): Passing null to parameter #3 ($subject) of type array|string is deprecated in C:\xampp\htdocs\taobeauty\wp-includes\formatting.php on line 5385
[14-Dec-2022 13:52:30 UTC] PHP Deprecated:  trim(): Passing null to parameter #1 ($string) of type string is deprecated in C:\xampp\htdocs\taobeauty\wp-includes\pluggable.php on line 599
[14-Dec-2022 13:52:30 UTC] PHP Deprecated:  rtrim(): Passing null to parameter #1 ($string) of type string is deprecated in C:\xampp\htdocs\taobeauty\wp-includes\formatting.php on line 2772
[14-Dec-2022 13:52:30 UTC] PHP Deprecated:  rtrim(): Passing null to parameter #1 ($string) of type string is deprecated in C:\xampp\htdocs\taobeauty\wp-includes\formatting.php on line 2772
[14-Dec-2022 13:52:34 UTC] PHP Warning:  Undefined variable $short_name in C:\xampp\htdocs\taobeauty\wp-content\themes\taobeauty\template-parts\components\home\services.php on line 28
[14-Dec-2022 13:52:34 UTC] PHP Warning:  Undefined variable $short_name in C:\xampp\htdocs\taobeauty\wp-content\themes\taobeauty\template-parts\components\home\services.php on line 28
[14-Dec-2022 13:52:34 UTC] PHP Warning:  Undefined variable $short_name in C:\xampp\htdocs\taobeauty\wp-content\themes\taobeauty\template-parts\components\home\services.php on line 28
[14-Dec-2022 13:52:34 UTC] PHP Warning:  Undefined variable $short_name in C:\xampp\htdocs\taobeauty\wp-content\themes\taobeauty\template-parts\components\home\services.php on line 28
[14-Dec-2022 13:52:34 UTC] PHP Warning:  Undefined variable $short_name in C:\xampp\htdocs\taobeauty\wp-content\themes\taobeauty\template-parts\components\home\services.php on line 28
[14-Dec-2022 13:53:22 UTC] PHP Deprecated:  preg_replace(): Passing null to parameter #3 ($subject) of type array|string is deprecated in C:\xampp\htdocs\taobeauty\wp-includes\formatting.php on line 5385
[14-Dec-2022 13:53:22 UTC] PHP Deprecated:  trim(): Passing null to parameter #1 ($string) of type string is deprecated in C:\xampp\htdocs\taobeauty\wp-includes\pluggable.php on line 599
[14-Dec-2022 13:53:22 UTC] PHP Deprecated:  rtrim(): Passing null to parameter #1 ($string) of type string is deprecated in C:\xampp\htdocs\taobeauty\wp-includes\formatting.php on line 2772
[14-Dec-2022 13:53:22 UTC] PHP Deprecated:  rtrim(): Passing null to parameter #1 ($string) of type string is deprecated in C:\xampp\htdocs\taobeauty\wp-includes\formatting.php on line 2772
[14-Dec-2022 15:11:19 UTC] PHP Deprecated:  Return type of Requests_Cookie_Jar::offsetExists($key) should either be compatible with ArrayAccess::offsetExists(mixed $offset): bool, or the #[\ReturnTypeWillChange] attribute should be used to temporarily suppress the notice in C:\xampp\htdocs\taobeauty\wp-includes\Requests\Cookie\Jar.php on line 63
[14-Dec-2022 15:11:19 UTC] PHP Deprecated:  Return type of Requests_Cookie_Jar::offsetGet($key) should either be compatible with ArrayAccess::offsetGet(mixed $offset): mixed, or the #[\ReturnTypeWillChange] attribute should be used to temporarily suppress the notice in C:\xampp\htdocs\taobeauty\wp-includes\Requests\Cookie\Jar.php on line 73
[14-Dec-2022 15:11:19 UTC] PHP Deprecated:  Return type of Requests_Cookie_Jar::offsetSet($key, $value) should either be compatible with ArrayAccess::offsetSet(mixed $offset, mixed $value): void, or the #[\ReturnTypeWillChange] attribute should be used to temporarily suppress the notice in C:\xampp\htdocs\taobeauty\wp-includes\Requests\Cookie\Jar.php on line 89
[14-Dec-2022 15:11:19 UTC] PHP Deprecated:  Return type of Requests_Cookie_Jar::offsetUnset($key) should either be compatible with ArrayAccess::offsetUnset(mixed $offset): void, or the #[\ReturnTypeWillChange] attribute should be used to temporarily suppress the notice in C:\xampp\htdocs\taobeauty\wp-includes\Requests\Cookie\Jar.php on line 102
[14-Dec-2022 15:11:19 UTC] PHP Deprecated:  Return type of Requests_Cookie_Jar::getIterator() should either be compatible with IteratorAggregate::getIterator(): Traversable, or the #[\ReturnTypeWillChange] attribute should be used to temporarily suppress the notice in C:\xampp\htdocs\taobeauty\wp-includes\Requests\Cookie\Jar.php on line 111
[14-Dec-2022 15:11:19 UTC] PHP Deprecated:  Return type of Requests_Utility_CaseInsensitiveDictionary::offsetExists($key) should either be compatible with ArrayAccess::offsetExists(mixed $offset): bool, or the #[\ReturnTypeWillChange] attribute should be used to temporarily suppress the notice in C:\xampp\htdocs\taobeauty\wp-includes\Requests\Utility\CaseInsensitiveDictionary.php on line 40
[14-Dec-2022 15:11:19 UTC] PHP Deprecated:  Return type of Requests_Utility_CaseInsensitiveDictionary::offsetGet($key) should either be compatible with ArrayAccess::offsetGet(mixed $offset): mixed, or the #[\ReturnTypeWillChange] attribute should be used to temporarily suppress the notice in C:\xampp\htdocs\taobeauty\wp-includes\Requests\Utility\CaseInsensitiveDictionary.php on line 51
[14-Dec-2022 15:11:19 UTC] PHP Deprecated:  Return type of Requests_Utility_CaseInsensitiveDictionary::offsetSet($key, $value) should either be compatible with ArrayAccess::offsetSet(mixed $offset, mixed $value): void, or the #[\ReturnTypeWillChange] attribute should be used to temporarily suppress the notice in C:\xampp\htdocs\taobeauty\wp-includes\Requests\Utility\CaseInsensitiveDictionary.php on line 68
[14-Dec-2022 15:11:20 UTC] PHP Deprecated:  Return type of Requests_Utility_CaseInsensitiveDictionary::offsetUnset($key) should either be compatible with ArrayAccess::offsetUnset(mixed $offset): void, or the #[\ReturnTypeWillChange] attribute should be used to temporarily suppress the notice in C:\xampp\htdocs\taobeauty\wp-includes\Requests\Utility\CaseInsensitiveDictionary.php on line 82
[14-Dec-2022 15:11:20 UTC] PHP Deprecated:  Return type of Requests_Utility_CaseInsensitiveDictionary::getIterator() should either be compatible with IteratorAggregate::getIterator(): Traversable, or the #[\ReturnTypeWillChange] attribute should be used to temporarily suppress the notice in C:\xampp\htdocs\taobeauty\wp-includes\Requests\Utility\CaseInsensitiveDictionary.php on line 91
[15-Dec-2022 09:00:50 UTC] PHP Deprecated:  Return type of Requests_Cookie_Jar::offsetExists($key) should either be compatible with ArrayAccess::offsetExists(mixed $offset): bool, or the #[\ReturnTypeWillChange] attribute should be used to temporarily suppress the notice in C:\xampp\htdocs\taobeauty\wp-includes\Requests\Cookie\Jar.php on line 63
[15-Dec-2022 09:00:50 UTC] PHP Deprecated:  Return type of Requests_Cookie_Jar::offsetGet($key) should either be compatible with ArrayAccess::offsetGet(mixed $offset): mixed, or the #[\ReturnTypeWillChange] attribute should be used to temporarily suppress the notice in C:\xampp\htdocs\taobeauty\wp-includes\Requests\Cookie\Jar.php on line 73
[15-Dec-2022 09:00:50 UTC] PHP Deprecated:  Return type of Requests_Cookie_Jar::offsetSet($key, $value) should either be compatible with ArrayAccess::offsetSet(mixed $offset, mixed $value): void, or the #[\ReturnTypeWillChange] attribute should be used to temporarily suppress the notice in C:\xampp\htdocs\taobeauty\wp-includes\Requests\Cookie\Jar.php on line 89
[15-Dec-2022 09:00:50 UTC] PHP Deprecated:  Return type of Requests_Cookie_Jar::offsetUnset($key) should either be compatible with ArrayAccess::offsetUnset(mixed $offset): void, or the #[\ReturnTypeWillChange] attribute should be used to temporarily suppress the notice in C:\xampp\htdocs\taobeauty\wp-includes\Requests\Cookie\Jar.php on line 102
[15-Dec-2022 09:00:50 UTC] PHP Deprecated:  Return type of Requests_Cookie_Jar::getIterator() should either be compatible with IteratorAggregate::getIterator(): Traversable, or the #[\ReturnTypeWillChange] attribute should be used to temporarily suppress the notice in C:\xampp\htdocs\taobeauty\wp-includes\Requests\Cookie\Jar.php on line 111
[15-Dec-2022 09:00:50 UTC] PHP Deprecated:  Return type of Requests_Cookie_Jar::offsetExists($key) should either be compatible with ArrayAccess::offsetExists(mixed $offset): bool, or the #[\ReturnTypeWillChange] attribute should be used to temporarily suppress the notice in C:\xampp\htdocs\taobeauty\wp-includes\Requests\Cookie\Jar.php on line 63
[15-Dec-2022 09:00:50 UTC] PHP Deprecated:  Return type of Requests_Cookie_Jar::offsetGet($key) should either be compatible with ArrayAccess::offsetGet(mixed $offset): mixed, or the #[\ReturnTypeWillChange] attribute should be used to temporarily suppress the notice in C:\xampp\htdocs\taobeauty\wp-includes\Requests\Cookie\Jar.php on line 73
[15-Dec-2022 09:00:50 UTC] PHP Deprecated:  Return type of Requests_Cookie_Jar::offsetSet($key, $value) should either be compatible with ArrayAccess::offsetSet(mixed $offset, mixed $value): void, or the #[\ReturnTypeWillChange] attribute should be used to temporarily suppress the notice in C:\xampp\htdocs\taobeauty\wp-includes\Requests\Cookie\Jar.php on line 89
[15-Dec-2022 09:00:50 UTC] PHP Deprecated:  Return type of Requests_Cookie_Jar::offsetUnset($key) should either be compatible with ArrayAccess::offsetUnset(mixed $offset): void, or the #[\ReturnTypeWillChange] attribute should be used to temporarily suppress the notice in C:\xampp\htdocs\taobeauty\wp-includes\Requests\Cookie\Jar.php on line 102
[15-Dec-2022 09:00:50 UTC] PHP Deprecated:  Return type of Requests_Cookie_Jar::getIterator() should either be compatible with IteratorAggregate::getIterator(): Traversable, or the #[\ReturnTypeWillChange] attribute should be used to temporarily suppress the notice in C:\xampp\htdocs\taobeauty\wp-includes\Requests\Cookie\Jar.php on line 111
[15-Dec-2022 09:00:51 UTC] PHP Deprecated:  Return type of Requests_Utility_CaseInsensitiveDictionary::offsetExists($key) should either be compatible with ArrayAccess::offsetExists(mixed $offset): bool, or the #[\ReturnTypeWillChange] attribute should be used to temporarily suppress the notice in C:\xampp\htdocs\taobeauty\wp-includes\Requests\Utility\CaseInsensitiveDictionary.php on line 40
[15-Dec-2022 09:00:51 UTC] PHP Deprecated:  Return type of Requests_Utility_CaseInsensitiveDictionary::offsetGet($key) should either be compatible with ArrayAccess::offsetGet(mixed $offset): mixed, or the #[\ReturnTypeWillChange] attribute should be used to temporarily suppress the notice in C:\xampp\htdocs\taobeauty\wp-includes\Requests\Utility\CaseInsensitiveDictionary.php on line 51
[15-Dec-2022 09:00:51 UTC] PHP Deprecated:  Return type of Requests_Utility_CaseInsensitiveDictionary::offsetSet($key, $value) should either be compatible with ArrayAccess::offsetSet(mixed $offset, mixed $value): void, or the #[\ReturnTypeWillChange] attribute should be used to temporarily suppress the notice in C:\xampp\htdocs\taobeauty\wp-includes\Requests\Utility\CaseInsensitiveDictionary.php on line 68
[15-Dec-2022 09:00:51 UTC] PHP Deprecated:  Return type of Requests_Utility_CaseInsensitiveDictionary::offsetUnset($key) should either be compatible with ArrayAccess::offsetUnset(mixed $offset): void, or the #[\ReturnTypeWillChange] attribute should be used to temporarily suppress the notice in C:\xampp\htdocs\taobeauty\wp-includes\Requests\Utility\CaseInsensitiveDictionary.php on line 82
[15-Dec-2022 09:00:51 UTC] PHP Deprecated:  Return type of Requests_Utility_CaseInsensitiveDictionary::getIterator() should either be compatible with IteratorAggregate::getIterator(): Traversable, or the #[\ReturnTypeWillChange] attribute should be used to temporarily suppress the notice in C:\xampp\htdocs\taobeauty\wp-includes\Requests\Utility\CaseInsensitiveDictionary.php on line 91
[15-Dec-2022 09:00:51 UTC] PHP Deprecated:  Return type of Requests_Utility_CaseInsensitiveDictionary::offsetExists($key) should either be compatible with ArrayAccess::offsetExists(mixed $offset): bool, or the #[\ReturnTypeWillChange] attribute should be used to temporarily suppress the notice in C:\xampp\htdocs\taobeauty\wp-includes\Requests\Utility\CaseInsensitiveDictionary.php on line 40
[15-Dec-2022 09:00:51 UTC] PHP Deprecated:  Return type of Requests_Utility_CaseInsensitiveDictionary::offsetGet($key) should either be compatible with ArrayAccess::offsetGet(mixed $offset): mixed, or the #[\ReturnTypeWillChange] attribute should be used to temporarily suppress the notice in C:\xampp\htdocs\taobeauty\wp-includes\Requests\Utility\CaseInsensitiveDictionary.php on line 51
[15-Dec-2022 09:00:51 UTC] PHP Deprecated:  Return type of Requests_Utility_CaseInsensitiveDictionary::offsetSet($key, $value) should either be compatible with ArrayAccess::offsetSet(mixed $offset, mixed $value): void, or the #[\ReturnTypeWillChange] attribute should be used to temporarily suppress the notice in C:\xampp\htdocs\taobeauty\wp-includes\Requests\Utility\CaseInsensitiveDictionary.php on line 68
[15-Dec-2022 09:00:51 UTC] PHP Deprecated:  Return type of Requests_Utility_CaseInsensitiveDictionary::offsetUnset($key) should either be compatible with ArrayAccess::offsetUnset(mixed $offset): void, or the #[\ReturnTypeWillChange] attribute should be used to temporarily suppress the notice in C:\xampp\htdocs\taobeauty\wp-includes\Requests\Utility\CaseInsensitiveDictionary.php on line 82
[15-Dec-2022 09:00:51 UTC] PHP Deprecated:  Return type of Requests_Utility_CaseInsensitiveDictionary::getIterator() should either be compatible with IteratorAggregate::getIterator(): Traversable, or the #[\ReturnTypeWillChange] attribute should be used to temporarily suppress the notice in C:\xampp\htdocs\taobeauty\wp-includes\Requests\Utility\CaseInsensitiveDictionary.php on line 91
[15-Dec-2022 09:00:51 UTC] PHP Deprecated:  preg_replace(): Passing null to parameter #3 ($subject) of type array|string is deprecated in C:\xampp\htdocs\taobeauty\wp-includes\formatting.php on line 5385
[15-Dec-2022 09:00:51 UTC] PHP Deprecated:  trim(): Passing null to parameter #1 ($string) of type string is deprecated in C:\xampp\htdocs\taobeauty\wp-includes\pluggable.php on line 599
[15-Dec-2022 09:00:51 UTC] PHP Deprecated:  Return type of Requests_Cookie_Jar::offsetExists($key) should either be compatible with ArrayAccess::offsetExists(mixed $offset): bool, or the #[\ReturnTypeWillChange] attribute should be used to temporarily suppress the notice in C:\xampp\htdocs\taobeauty\wp-includes\Requests\Cookie\Jar.php on line 63
[15-Dec-2022 09:00:51 UTC] PHP Deprecated:  Return type of Requests_Cookie_Jar::offsetGet($key) should either be compatible with ArrayAccess::offsetGet(mixed $offset): mixed, or the #[\ReturnTypeWillChange] attribute should be used to temporarily suppress the notice in C:\xampp\htdocs\taobeauty\wp-includes\Requests\Cookie\Jar.php on line 73
[15-Dec-2022 09:00:51 UTC] PHP Deprecated:  Return type of Requests_Cookie_Jar::offsetSet($key, $value) should either be compatible with ArrayAccess::offsetSet(mixed $offset, mixed $value): void, or the #[\ReturnTypeWillChange] attribute should be used to temporarily suppress the notice in C:\xampp\htdocs\taobeauty\wp-includes\Requests\Cookie\Jar.php on line 89
[15-Dec-2022 09:00:51 UTC] PHP Deprecated:  Return type of Requests_Cookie_Jar::offsetUnset($key) should either be compatible with ArrayAccess::offsetUnset(mixed $offset): void, or the #[\ReturnTypeWillChange] attribute should be used to temporarily suppress the notice in C:\xampp\htdocs\taobeauty\wp-includes\Requests\Cookie\Jar.php on line 102
[15-Dec-2022 09:00:51 UTC] PHP Deprecated:  Return type of Requests_Cookie_Jar::getIterator() should either be compatible with IteratorAggregate::getIterator(): Traversable, or the #[\ReturnTypeWillChange] attribute should be used to temporarily suppress the notice in C:\xampp\htdocs\taobeauty\wp-includes\Requests\Cookie\Jar.php on line 111
[15-Dec-2022 09:00:51 UTC] PHP Deprecated:  http_build_query(): Passing null to parameter #2 ($numeric_prefix) of type string is deprecated in C:\xampp\htdocs\taobeauty\wp-includes\Requests\Transport\cURL.php on line 345
[15-Dec-2022 09:00:52 UTC] PHP Deprecated:  Return type of Requests_Utility_CaseInsensitiveDictionary::offsetExists($key) should either be compatible with ArrayAccess::offsetExists(mixed $offset): bool, or the #[\ReturnTypeWillChange] attribute should be used to temporarily suppress the notice in C:\xampp\htdocs\taobeauty\wp-includes\Requests\Utility\CaseInsensitiveDictionary.php on line 40
[15-Dec-2022 09:00:52 UTC] PHP Deprecated:  Return type of Requests_Utility_CaseInsensitiveDictionary::offsetGet($key) should either be compatible with ArrayAccess::offsetGet(mixed $offset): mixed, or the #[\ReturnTypeWillChange] attribute should be used to temporarily suppress the notice in C:\xampp\htdocs\taobeauty\wp-includes\Requests\Utility\CaseInsensitiveDictionary.php on line 51
[15-Dec-2022 09:00:52 UTC] PHP Deprecated:  Return type of Requests_Utility_CaseInsensitiveDictionary::offsetSet($key, $value) should either be compatible with ArrayAccess::offsetSet(mixed $offset, mixed $value): void, or the #[\ReturnTypeWillChange] attribute should be used to temporarily suppress the notice in C:\xampp\htdocs\taobeauty\wp-includes\Requests\Utility\CaseInsensitiveDictionary.php on line 68
[15-Dec-2022 09:00:52 UTC] PHP Deprecated:  Return type of Requests_Utility_CaseInsensitiveDictionary::offsetUnset($key) should either be compatible with ArrayAccess::offsetUnset(mixed $offset): void, or the #[\ReturnTypeWillChange] attribute should be used to temporarily suppress the notice in C:\xampp\htdocs\taobeauty\wp-includes\Requests\Utility\CaseInsensitiveDictionary.php on line 82
[15-Dec-2022 09:00:52 UTC] PHP Deprecated:  Return type of Requests_Utility_CaseInsensitiveDictionary::getIterator() should either be compatible with IteratorAggregate::getIterator(): Traversable, or the #[\ReturnTypeWillChange] attribute should be used to temporarily suppress the notice in C:\xampp\htdocs\taobeauty\wp-includes\Requests\Utility\CaseInsensitiveDictionary.php on line 91
[15-Dec-2022 09:00:52 UTC] PHP Deprecated:  rtrim(): Passing null to parameter #1 ($string) of type string is deprecated in C:\xampp\htdocs\taobeauty\wp-includes\formatting.php on line 2772
[15-Dec-2022 09:00:52 UTC] PHP Deprecated:  rtrim(): Passing null to parameter #1 ($string) of type string is deprecated in C:\xampp\htdocs\taobeauty\wp-includes\formatting.php on line 2772
[15-Dec-2022 09:00:53 UTC] PHP Deprecated:  http_build_query(): Passing null to parameter #2 ($numeric_prefix) of type string is deprecated in C:\xampp\htdocs\taobeauty\wp-includes\Requests\Transport\cURL.php on line 345
[15-Dec-2022 09:00:54 UTC] PHP Warning:  Undefined variable $short_name in C:\xampp\htdocs\taobeauty\wp-content\themes\taobeauty\template-parts\components\home\services.php on line 28
[15-Dec-2022 09:00:54 UTC] PHP Warning:  Undefined variable $short_name in C:\xampp\htdocs\taobeauty\wp-content\themes\taobeauty\template-parts\components\home\services.php on line 28
[15-Dec-2022 09:00:54 UTC] PHP Warning:  Undefined variable $short_name in C:\xampp\htdocs\taobeauty\wp-content\themes\taobeauty\template-parts\components\home\services.php on line 28
[15-Dec-2022 09:00:54 UTC] PHP Warning:  Undefined variable $short_name in C:\xampp\htdocs\taobeauty\wp-content\themes\taobeauty\template-parts\components\home\services.php on line 28
[15-Dec-2022 09:00:54 UTC] PHP Warning:  Undefined variable $short_name in C:\xampp\htdocs\taobeauty\wp-content\themes\taobeauty\template-parts\components\home\services.php on line 28
[15-Dec-2022 09:00:54 UTC] PHP Warning:  Undefined variable $short_name in C:\xampp\htdocs\taobeauty\wp-content\themes\taobeauty\template-parts\components\home\services.php on line 28
[15-Dec-2022 09:00:54 UTC] PHP Warning:  Undefined variable $short_name in C:\xampp\htdocs\taobeauty\wp-content\themes\taobeauty\template-parts\components\home\services.php on line 28
[15-Dec-2022 09:00:54 UTC] PHP Warning:  Undefined variable $short_name in C:\xampp\htdocs\taobeauty\wp-content\themes\taobeauty\template-parts\components\home\services.php on line 28
[15-Dec-2022 09:00:54 UTC] PHP Warning:  Undefined variable $short_name in C:\xampp\htdocs\taobeauty\wp-content\themes\taobeauty\template-parts\components\home\services.php on line 28
[15-Dec-2022 09:00:54 UTC] PHP Warning:  Undefined variable $short_name in C:\xampp\htdocs\taobeauty\wp-content\themes\taobeauty\template-parts\components\home\services.php on line 28
[15-Dec-2022 09:00:54 UTC] PHP Deprecated:  http_build_query(): Passing null to parameter #2 ($numeric_prefix) of type string is deprecated in C:\xampp\htdocs\taobeauty\wp-includes\Requests\Transport\cURL.php on line 345
[15-Dec-2022 09:00:55 UTC] PHP Deprecated:  http_build_query(): Passing null to parameter #2 ($numeric_prefix) of type string is deprecated in C:\xampp\htdocs\taobeauty\wp-includes\Requests\Transport\cURL.php on line 345
[15-Dec-2022 09:00:55 UTC] PHP Deprecated:  http_build_query(): Passing null to parameter #2 ($numeric_prefix) of type string is deprecated in C:\xampp\htdocs\taobeauty\wp-includes\Requests\Transport\cURL.php on line 345
[15-Dec-2022 09:00:55 UTC] PHP Deprecated:  Return type of Requests_Cookie_Jar::offsetExists($key) should either be compatible with ArrayAccess::offsetExists(mixed $offset): bool, or the #[\ReturnTypeWillChange] attribute should be used to temporarily suppress the notice in C:\xampp\htdocs\taobeauty\wp-includes\Requests\Cookie\Jar.php on line 63
[15-Dec-2022 09:00:55 UTC] PHP Deprecated:  Return type of Requests_Cookie_Jar::offsetGet($key) should either be compatible with ArrayAccess::offsetGet(mixed $offset): mixed, or the #[\ReturnTypeWillChange] attribute should be used to temporarily suppress the notice in C:\xampp\htdocs\taobeauty\wp-includes\Requests\Cookie\Jar.php on line 73
[15-Dec-2022 09:00:55 UTC] PHP Deprecated:  Return type of Requests_Cookie_Jar::offsetSet($key, $value) should either be compatible with ArrayAccess::offsetSet(mixed $offset, mixed $value): void, or the #[\ReturnTypeWillChange] attribute should be used to temporarily suppress the notice in C:\xampp\htdocs\taobeauty\wp-includes\Requests\Cookie\Jar.php on line 89
[15-Dec-2022 09:00:55 UTC] PHP Deprecated:  Return type of Requests_Cookie_Jar::offsetUnset($key) should either be compatible with ArrayAccess::offsetUnset(mixed $offset): void, or the #[\ReturnTypeWillChange] attribute should be used to temporarily suppress the notice in C:\xampp\htdocs\taobeauty\wp-includes\Requests\Cookie\Jar.php on line 102
[15-Dec-2022 09:00:55 UTC] PHP Deprecated:  Return type of Requests_Cookie_Jar::getIterator() should either be compatible with IteratorAggregate::getIterator(): Traversable, or the #[\ReturnTypeWillChange] attribute should be used to temporarily suppress the notice in C:\xampp\htdocs\taobeauty\wp-includes\Requests\Cookie\Jar.php on line 111
[15-Dec-2022 09:00:55 UTC] PHP Deprecated:  http_build_query(): Passing null to parameter #2 ($numeric_prefix) of type string is deprecated in C:\xampp\htdocs\taobeauty\wp-includes\Requests\Transport\cURL.php on line 345
[15-Dec-2022 09:00:56 UTC] PHP Deprecated:  http_build_query(): Passing null to parameter #2 ($numeric_prefix) of type string is deprecated in C:\xampp\htdocs\taobeauty\wp-includes\Requests\Transport\cURL.php on line 345
[15-Dec-2022 09:00:56 UTC] PHP Deprecated:  Return type of Requests_Utility_CaseInsensitiveDictionary::offsetExists($key) should either be compatible with ArrayAccess::offsetExists(mixed $offset): bool, or the #[\ReturnTypeWillChange] attribute should be used to temporarily suppress the notice in C:\xampp\htdocs\taobeauty\wp-includes\Requests\Utility\CaseInsensitiveDictionary.php on line 40
[15-Dec-2022 09:00:56 UTC] PHP Deprecated:  Return type of Requests_Utility_CaseInsensitiveDictionary::offsetGet($key) should either be compatible with ArrayAccess::offsetGet(mixed $offset): mixed, or the #[\ReturnTypeWillChange] attribute should be used to temporarily suppress the notice in C:\xampp\htdocs\taobeauty\wp-includes\Requests\Utility\CaseInsensitiveDictionary.php on line 51
[15-Dec-2022 09:00:56 UTC] PHP Deprecated:  Return type of Requests_Utility_CaseInsensitiveDictionary::offsetSet($key, $value) should either be compatible with ArrayAccess::offsetSet(mixed $offset, mixed $value): void, or the #[\ReturnTypeWillChange] attribute should be used to temporarily suppress the notice in C:\xampp\htdocs\taobeauty\wp-includes\Requests\Utility\CaseInsensitiveDictionary.php on line 68
[15-Dec-2022 09:00:56 UTC] PHP Deprecated:  Return type of Requests_Utility_CaseInsensitiveDictionary::offsetUnset($key) should either be compatible with ArrayAccess::offsetUnset(mixed $offset): void, or the #[\ReturnTypeWillChange] attribute should be used to temporarily suppress the notice in C:\xampp\htdocs\taobeauty\wp-includes\Requests\Utility\CaseInsensitiveDictionary.php on line 82
[15-Dec-2022 09:00:56 UTC] PHP Deprecated:  Return type of Requests_Utility_CaseInsensitiveDictionary::getIterator() should either be compatible with IteratorAggregate::getIterator(): Traversable, or the #[\ReturnTypeWillChange] attribute should be used to temporarily suppress the notice in C:\xampp\htdocs\taobeauty\wp-includes\Requests\Utility\CaseInsensitiveDictionary.php on line 91
[15-Dec-2022 09:00:56 UTC] PHP Deprecated:  setcookie(): Passing null to parameter #5 ($domain) of type string is deprecated in C:\xampp\htdocs\taobeauty\wp-includes\option.php on line 1112
[15-Dec-2022 09:00:56 UTC] PHP Deprecated:  setcookie(): Passing null to parameter #5 ($domain) of type string is deprecated in C:\xampp\htdocs\taobeauty\wp-includes\option.php on line 1113
[15-Dec-2022 09:00:56 UTC] PHP Deprecated:  rtrim(): Passing null to parameter #1 ($string) of type string is deprecated in C:\xampp\htdocs\taobeauty\wp-includes\formatting.php on line 2772
[15-Dec-2022 09:00:56 UTC] PHP Deprecated:  rtrim(): Passing null to parameter #1 ($string) of type string is deprecated in C:\xampp\htdocs\taobeauty\wp-includes\formatting.php on line 2772
[15-Dec-2022 09:00:56 UTC] PHP Deprecated:  rtrim(): Passing null to parameter #1 ($string) of type string is deprecated in C:\xampp\htdocs\taobeauty\wp-includes\formatting.php on line 2772
[15-Dec-2022 09:00:56 UTC] PHP Deprecated:  rtrim(): Passing null to parameter #1 ($string) of type string is deprecated in C:\xampp\htdocs\taobeauty\wp-includes\formatting.php on line 2772
[15-Dec-2022 09:00:56 UTC] PHP Deprecated:  rtrim(): Passing null to parameter #1 ($string) of type string is deprecated in C:\xampp\htdocs\taobeauty\wp-includes\formatting.php on line 2772
[15-Dec-2022 09:00:56 UTC] PHP Deprecated:  rtrim(): Passing null to parameter #1 ($string) of type string is deprecated in C:\xampp\htdocs\taobeauty\wp-includes\formatting.php on line 2772
[15-Dec-2022 09:00:56 UTC] PHP Deprecated:  rtrim(): Passing null to parameter #1 ($string) of type string is deprecated in C:\xampp\htdocs\taobeauty\wp-includes\formatting.php on line 2772
[15-Dec-2022 09:00:56 UTC] PHP Deprecated:  rtrim(): Passing null to parameter #1 ($string) of type string is deprecated in C:\xampp\htdocs\taobeauty\wp-includes\formatting.php on line 2772
[15-Dec-2022 09:00:56 UTC] PHP Deprecated:  rtrim(): Passing null to parameter #1 ($string) of type string is deprecated in C:\xampp\htdocs\taobeauty\wp-includes\formatting.php on line 2772
[15-Dec-2022 09:00:56 UTC] PHP Deprecated:  http_build_query(): Passing null to parameter #2 ($numeric_prefix) of type string is deprecated in C:\xampp\htdocs\taobeauty\wp-includes\Requests\Transport\cURL.php on line 345
[15-Dec-2022 09:00:57 UTC] PHP Deprecated:  http_build_query(): Passing null to parameter #2 ($numeric_prefix) of type string is deprecated in C:\xampp\htdocs\taobeauty\wp-includes\Requests\Transport\cURL.php on line 345
[15-Dec-2022 09:00:57 UTC] PHP Deprecated:  Return type of Requests_Cookie_Jar::offsetExists($key) should either be compatible with ArrayAccess::offsetExists(mixed $offset): bool, or the #[\ReturnTypeWillChange] attribute should be used to temporarily suppress the notice in C:\xampp\htdocs\taobeauty\wp-includes\Requests\Cookie\Jar.php on line 63
[15-Dec-2022 09:00:57 UTC] PHP Deprecated:  Return type of Requests_Cookie_Jar::offsetGet($key) should either be compatible with ArrayAccess::offsetGet(mixed $offset): mixed, or the #[\ReturnTypeWillChange] attribute should be used to temporarily suppress the notice in C:\xampp\htdocs\taobeauty\wp-includes\Requests\Cookie\Jar.php on line 73
[15-Dec-2022 09:00:57 UTC] PHP Deprecated:  Return type of Requests_Cookie_Jar::offsetSet($key, $value) should either be compatible with ArrayAccess::offsetSet(mixed $offset, mixed $value): void, or the #[\ReturnTypeWillChange] attribute should be used to temporarily suppress the notice in C:\xampp\htdocs\taobeauty\wp-includes\Requests\Cookie\Jar.php on line 89
[15-Dec-2022 09:00:57 UTC] PHP Deprecated:  Return type of Requests_Cookie_Jar::offsetUnset($key) should either be compatible with ArrayAccess::offsetUnset(mixed $offset): void, or the #[\ReturnTypeWillChange] attribute should be used to temporarily suppress the notice in C:\xampp\htdocs\taobeauty\wp-includes\Requests\Cookie\Jar.php on line 102
[15-Dec-2022 09:00:57 UTC] PHP Deprecated:  Return type of Requests_Cookie_Jar::getIterator() should either be compatible with IteratorAggregate::getIterator(): Traversable, or the #[\ReturnTypeWillChange] attribute should be used to temporarily suppress the notice in C:\xampp\htdocs\taobeauty\wp-includes\Requests\Cookie\Jar.php on line 111
[15-Dec-2022 09:00:57 UTC] PHP Deprecated:  http_build_query(): Passing null to parameter #2 ($numeric_prefix) of type string is deprecated in C:\xampp\htdocs\taobeauty\wp-includes\Requests\Transport\cURL.php on line 530
[15-Dec-2022 09:00:57 UTC] PHP Deprecated:  http_build_query(): Passing null to parameter #2 ($numeric_prefix) of type string is deprecated in C:\xampp\htdocs\taobeauty\wp-includes\Requests\Transport\cURL.php on line 345
[15-Dec-2022 09:00:57 UTC] PHP Deprecated:  Return type of Requests_Cookie_Jar::offsetExists($key) should either be compatible with ArrayAccess::offsetExists(mixed $offset): bool, or the #[\ReturnTypeWillChange] attribute should be used to temporarily suppress the notice in C:\xampp\htdocs\taobeauty\wp-includes\Requests\Cookie\Jar.php on line 63
[15-Dec-2022 09:00:57 UTC] PHP Deprecated:  Return type of Requests_Cookie_Jar::offsetGet($key) should either be compatible with ArrayAccess::offsetGet(mixed $offset): mixed, or the #[\ReturnTypeWillChange] attribute should be used to temporarily suppress the notice in C:\xampp\htdocs\taobeauty\wp-includes\Requests\Cookie\Jar.php on line 73
[15-Dec-2022 09:00:57 UTC] PHP Deprecated:  Return type of Requests_Cookie_Jar::offsetSet($key, $value) should either be compatible with ArrayAccess::offsetSet(mixed $offset, mixed $value): void, or the #[\ReturnTypeWillChange] attribute should be used to temporarily suppress the notice in C:\xampp\htdocs\taobeauty\wp-includes\Requests\Cookie\Jar.php on line 89
[15-Dec-2022 09:00:57 UTC] PHP Deprecated:  Return type of Requests_Cookie_Jar::offsetUnset($key) should either be compatible with ArrayAccess::offsetUnset(mixed $offset): void, or the #[\ReturnTypeWillChange] attribute should be used to temporarily suppress the notice in C:\xampp\htdocs\taobeauty\wp-includes\Requests\Cookie\Jar.php on line 102
[15-Dec-2022 09:00:57 UTC] PHP Deprecated:  Return type of Requests_Cookie_Jar::getIterator() should either be compatible with IteratorAggregate::getIterator(): Traversable, or the #[\ReturnTypeWillChange] attribute should be used to temporarily suppress the notice in C:\xampp\htdocs\taobeauty\wp-includes\Requests\Cookie\Jar.php on line 111
[15-Dec-2022 09:00:57 UTC] PHP Deprecated:  Return type of Requests_Utility_CaseInsensitiveDictionary::offsetExists($key) should either be compatible with ArrayAccess::offsetExists(mixed $offset): bool, or the #[\ReturnTypeWillChange] attribute should be used to temporarily suppress the notice in C:\xampp\htdocs\taobeauty\wp-includes\Requests\Utility\CaseInsensitiveDictionary.php on line 40
[15-Dec-2022 09:00:57 UTC] PHP Deprecated:  Return type of Requests_Utility_CaseInsensitiveDictionary::offsetGet($key) should either be compatible with ArrayAccess::offsetGet(mixed $offset): mixed, or the #[\ReturnTypeWillChange] attribute should be used to temporarily suppress the notice in C:\xampp\htdocs\taobeauty\wp-includes\Requests\Utility\CaseInsensitiveDictionary.php on line 51
[15-Dec-2022 09:00:57 UTC] PHP Deprecated:  Return type of Requests_Utility_CaseInsensitiveDictionary::offsetSet($key, $value) should either be compatible with ArrayAccess::offsetSet(mixed $offset, mixed $value): void, or the #[\ReturnTypeWillChange] attribute should be used to temporarily suppress the notice in C:\xampp\htdocs\taobeauty\wp-includes\Requests\Utility\CaseInsensitiveDictionary.php on line 68
[15-Dec-2022 09:00:57 UTC] PHP Deprecated:  Return type of Requests_Utility_CaseInsensitiveDictionary::offsetUnset($key) should either be compatible with ArrayAccess::offsetUnset(mixed $offset): void, or the #[\ReturnTypeWillChange] attribute should be used to temporarily suppress the notice in C:\xampp\htdocs\taobeauty\wp-includes\Requests\Utility\CaseInsensitiveDictionary.php on line 82
[15-Dec-2022 09:00:57 UTC] PHP Deprecated:  Return type of Requests_Utility_CaseInsensitiveDictionary::getIterator() should either be compatible with IteratorAggregate::getIterator(): Traversable, or the #[\ReturnTypeWillChange] attribute should be used to temporarily suppress the notice in C:\xampp\htdocs\taobeauty\wp-includes\Requests\Utility\CaseInsensitiveDictionary.php on line 91
[15-Dec-2022 09:00:58 UTC] PHP Deprecated:  http_build_query(): Passing null to parameter #2 ($numeric_prefix) of type string is deprecated in C:\xampp\htdocs\taobeauty\wp-includes\Requests\Transport\cURL.php on line 345
[15-Dec-2022 09:00:58 UTC] PHP Deprecated:  Return type of Requests_Utility_CaseInsensitiveDictionary::offsetExists($key) should either be compatible with ArrayAccess::offsetExists(mixed $offset): bool, or the #[\ReturnTypeWillChange] attribute should be used to temporarily suppress the notice in C:\xampp\htdocs\taobeauty\wp-includes\Requests\Utility\CaseInsensitiveDictionary.php on line 40
[15-Dec-2022 09:00:58 UTC] PHP Deprecated:  Return type of Requests_Utility_CaseInsensitiveDictionary::offsetGet($key) should either be compatible with ArrayAccess::offsetGet(mixed $offset): mixed, or the #[\ReturnTypeWillChange] attribute should be used to temporarily suppress the notice in C:\xampp\htdocs\taobeauty\wp-includes\Requests\Utility\CaseInsensitiveDictionary.php on line 51
[15-Dec-2022 09:00:58 UTC] PHP Deprecated:  Return type of Requests_Utility_CaseInsensitiveDictionary::offsetSet($key, $value) should either be compatible with ArrayAccess::offsetSet(mixed $offset, mixed $value): void, or the #[\ReturnTypeWillChange] attribute should be used to temporarily suppress the notice in C:\xampp\htdocs\taobeauty\wp-includes\Requests\Utility\CaseInsensitiveDictionary.php on line 68
[15-Dec-2022 09:00:58 UTC] PHP Deprecated:  Return type of Requests_Utility_CaseInsensitiveDictionary::offsetUnset($key) should either be compatible with ArrayAccess::offsetUnset(mixed $offset): void, or the #[\ReturnTypeWillChange] attribute should be used to temporarily suppress the notice in C:\xampp\htdocs\taobeauty\wp-includes\Requests\Utility\CaseInsensitiveDictionary.php on line 82
[15-Dec-2022 09:00:58 UTC] PHP Deprecated:  Return type of Requests_Utility_CaseInsensitiveDictionary::getIterator() should either be compatible with IteratorAggregate::getIterator(): Traversable, or the #[\ReturnTypeWillChange] attribute should be used to temporarily suppress the notice in C:\xampp\htdocs\taobeauty\wp-includes\Requests\Utility\CaseInsensitiveDictionary.php on line 91
[15-Dec-2022 09:00:58 UTC] PHP Deprecated:  http_build_query(): Passing null to parameter #2 ($numeric_prefix) of type string is deprecated in C:\xampp\htdocs\taobeauty\wp-includes\Requests\Transport\cURL.php on line 345
[15-Dec-2022 09:00:58 UTC] PHP Warning:  Undefined variable $short_name in C:\xampp\htdocs\taobeauty\wp-content\themes\taobeauty\template-parts\components\home\services.php on line 28
[15-Dec-2022 09:00:58 UTC] PHP Warning:  Undefined variable $short_name in C:\xampp\htdocs\taobeauty\wp-content\themes\taobeauty\template-parts\components\home\services.php on line 28
[15-Dec-2022 09:00:58 UTC] PHP Warning:  Undefined variable $short_name in C:\xampp\htdocs\taobeauty\wp-content\themes\taobeauty\template-parts\components\home\services.php on line 28
[15-Dec-2022 09:00:58 UTC] PHP Warning:  Undefined variable $short_name in C:\xampp\htdocs\taobeauty\wp-content\themes\taobeauty\template-parts\components\home\services.php on line 28
[15-Dec-2022 09:00:58 UTC] PHP Warning:  Undefined variable $short_name in C:\xampp\htdocs\taobeauty\wp-content\themes\taobeauty\template-parts\components\home\services.php on line 28
[15-Dec-2022 09:00:59 UTC] PHP Deprecated:  http_build_query(): Passing null to parameter #2 ($numeric_prefix) of type string is deprecated in C:\xampp\htdocs\taobeauty\wp-includes\Requests\Transport\cURL.php on line 345
[15-Dec-2022 09:52:18 UTC] PHP Deprecated:  Return type of Requests_Cookie_Jar::offsetExists($key) should either be compatible with ArrayAccess::offsetExists(mixed $offset): bool, or the #[\ReturnTypeWillChange] attribute should be used to temporarily suppress the notice in C:\xampp\htdocs\taobeauty\wp-includes\Requests\Cookie\Jar.php on line 63
[15-Dec-2022 09:52:18 UTC] PHP Deprecated:  Return type of Requests_Cookie_Jar::offsetGet($key) should either be compatible with ArrayAccess::offsetGet(mixed $offset): mixed, or the #[\ReturnTypeWillChange] attribute should be used to temporarily suppress the notice in C:\xampp\htdocs\taobeauty\wp-includes\Requests\Cookie\Jar.php on line 73
[15-Dec-2022 09:52:18 UTC] PHP Deprecated:  Return type of Requests_Cookie_Jar::offsetSet($key, $value) should either be compatible with ArrayAccess::offsetSet(mixed $offset, mixed $value): void, or the #[\ReturnTypeWillChange] attribute should be used to temporarily suppress the notice in C:\xampp\htdocs\taobeauty\wp-includes\Requests\Cookie\Jar.php on line 89
[15-Dec-2022 09:52:18 UTC] PHP Deprecated:  Return type of Requests_Cookie_Jar::offsetUnset($key) should either be compatible with ArrayAccess::offsetUnset(mixed $offset): void, or the #[\ReturnTypeWillChange] attribute should be used to temporarily suppress the notice in C:\xampp\htdocs\taobeauty\wp-includes\Requests\Cookie\Jar.php on line 102
[15-Dec-2022 09:52:18 UTC] PHP Deprecated:  Return type of Requests_Cookie_Jar::getIterator() should either be compatible with IteratorAggregate::getIterator(): Traversable, or the #[\ReturnTypeWillChange] attribute should be used to temporarily suppress the notice in C:\xampp\htdocs\taobeauty\wp-includes\Requests\Cookie\Jar.php on line 111
[15-Dec-2022 09:52:19 UTC] PHP Deprecated:  Return type of Requests_Utility_CaseInsensitiveDictionary::offsetExists($key) should either be compatible with ArrayAccess::offsetExists(mixed $offset): bool, or the #[\ReturnTypeWillChange] attribute should be used to temporarily suppress the notice in C:\xampp\htdocs\taobeauty\wp-includes\Requests\Utility\CaseInsensitiveDictionary.php on line 40
[15-Dec-2022 09:52:19 UTC] PHP Deprecated:  Return type of Requests_Utility_CaseInsensitiveDictionary::offsetGet($key) should either be compatible with ArrayAccess::offsetGet(mixed $offset): mixed, or the #[\ReturnTypeWillChange] attribute should be used to temporarily suppress the notice in C:\xampp\htdocs\taobeauty\wp-includes\Requests\Utility\CaseInsensitiveDictionary.php on line 51
[15-Dec-2022 09:52:19 UTC] PHP Deprecated:  Return type of Requests_Utility_CaseInsensitiveDictionary::offsetSet($key, $value) should either be compatible with ArrayAccess::offsetSet(mixed $offset, mixed $value): void, or the #[\ReturnTypeWillChange] attribute should be used to temporarily suppress the notice in C:\xampp\htdocs\taobeauty\wp-includes\Requests\Utility\CaseInsensitiveDictionary.php on line 68
[15-Dec-2022 09:52:19 UTC] PHP Deprecated:  Return type of Requests_Utility_CaseInsensitiveDictionary::offsetUnset($key) should either be compatible with ArrayAccess::offsetUnset(mixed $offset): void, or the #[\ReturnTypeWillChange] attribute should be used to temporarily suppress the notice in C:\xampp\htdocs\taobeauty\wp-includes\Requests\Utility\CaseInsensitiveDictionary.php on line 82
[15-Dec-2022 09:52:19 UTC] PHP Deprecated:  Return type of Requests_Utility_CaseInsensitiveDictionary::getIterator() should either be compatible with IteratorAggregate::getIterator(): Traversable, or the #[\ReturnTypeWillChange] attribute should be used to temporarily suppress the notice in C:\xampp\htdocs\taobeauty\wp-includes\Requests\Utility\CaseInsensitiveDictionary.php on line 91
[15-Dec-2022 12:12:45 UTC] PHP Deprecated:  Return type of Requests_Cookie_Jar::offsetExists($key) should either be compatible with ArrayAccess::offsetExists(mixed $offset): bool, or the #[\ReturnTypeWillChange] attribute should be used to temporarily suppress the notice in C:\xampp\htdocs\taobeauty\wp-includes\Requests\Cookie\Jar.php on line 63
[15-Dec-2022 12:12:45 UTC] PHP Deprecated:  Return type of Requests_Cookie_Jar::offsetGet($key) should either be compatible with ArrayAccess::offsetGet(mixed $offset): mixed, or the #[\ReturnTypeWillChange] attribute should be used to temporarily suppress the notice in C:\xampp\htdocs\taobeauty\wp-includes\Requests\Cookie\Jar.php on line 73
[15-Dec-2022 12:12:45 UTC] PHP Deprecated:  Return type of Requests_Cookie_Jar::offsetSet($key, $value) should either be compatible with ArrayAccess::offsetSet(mixed $offset, mixed $value): void, or the #[\ReturnTypeWillChange] attribute should be used to temporarily suppress the notice in C:\xampp\htdocs\taobeauty\wp-includes\Requests\Cookie\Jar.php on line 89
[15-Dec-2022 12:12:45 UTC] PHP Deprecated:  Return type of Requests_Cookie_Jar::offsetUnset($key) should either be compatible with ArrayAccess::offsetUnset(mixed $offset): void, or the #[\ReturnTypeWillChange] attribute should be used to temporarily suppress the notice in C:\xampp\htdocs\taobeauty\wp-includes\Requests\Cookie\Jar.php on line 102
[15-Dec-2022 12:12:45 UTC] PHP Deprecated:  Return type of Requests_Cookie_Jar::getIterator() should either be compatible with IteratorAggregate::getIterator(): Traversable, or the #[\ReturnTypeWillChange] attribute should be used to temporarily suppress the notice in C:\xampp\htdocs\taobeauty\wp-includes\Requests\Cookie\Jar.php on line 111
[15-Dec-2022 12:12:45 UTC] PHP Deprecated:  Return type of Requests_Utility_CaseInsensitiveDictionary::offsetExists($key) should either be compatible with ArrayAccess::offsetExists(mixed $offset): bool, or the #[\ReturnTypeWillChange] attribute should be used to temporarily suppress the notice in C:\xampp\htdocs\taobeauty\wp-includes\Requests\Utility\CaseInsensitiveDictionary.php on line 40
[15-Dec-2022 12:12:45 UTC] PHP Deprecated:  Return type of Requests_Utility_CaseInsensitiveDictionary::offsetGet($key) should either be compatible with ArrayAccess::offsetGet(mixed $offset): mixed, or the #[\ReturnTypeWillChange] attribute should be used to temporarily suppress the notice in C:\xampp\htdocs\taobeauty\wp-includes\Requests\Utility\CaseInsensitiveDictionary.php on line 51
[15-Dec-2022 12:12:45 UTC] PHP Deprecated:  Return type of Requests_Utility_CaseInsensitiveDictionary::offsetSet($key, $value) should either be compatible with ArrayAccess::offsetSet(mixed $offset, mixed $value): void, or the #[\ReturnTypeWillChange] attribute should be used to temporarily suppress the notice in C:\xampp\htdocs\taobeauty\wp-includes\Requests\Utility\CaseInsensitiveDictionary.php on line 68
[15-Dec-2022 12:12:45 UTC] PHP Deprecated:  Return type of Requests_Utility_CaseInsensitiveDictionary::offsetUnset($key) should either be compatible with ArrayAccess::offsetUnset(mixed $offset): void, or the #[\ReturnTypeWillChange] attribute should be used to temporarily suppress the notice in C:\xampp\htdocs\taobeauty\wp-includes\Requests\Utility\CaseInsensitiveDictionary.php on line 82
[15-Dec-2022 12:12:45 UTC] PHP Deprecated:  Return type of Requests_Utility_CaseInsensitiveDictionary::getIterator() should either be compatible with IteratorAggregate::getIterator(): Traversable, or the #[\ReturnTypeWillChange] attribute should be used to temporarily suppress the notice in C:\xampp\htdocs\taobeauty\wp-includes\Requests\Utility\CaseInsensitiveDictionary.php on line 91
[15-Dec-2022 12:46:00 UTC] PHP Warning:  Undefined variable $short_name in C:\xampp\htdocs\taobeauty\wp-content\themes\taobeauty\template-parts\components\home\services.php on line 28
[15-Dec-2022 12:46:00 UTC] PHP Warning:  Undefined variable $short_name in C:\xampp\htdocs\taobeauty\wp-content\themes\taobeauty\template-parts\components\home\services.php on line 28
[15-Dec-2022 12:46:00 UTC] PHP Warning:  Undefined variable $short_name in C:\xampp\htdocs\taobeauty\wp-content\themes\taobeauty\template-parts\components\home\services.php on line 28
[15-Dec-2022 12:46:00 UTC] PHP Warning:  Undefined variable $short_name in C:\xampp\htdocs\taobeauty\wp-content\themes\taobeauty\template-parts\components\home\services.php on line 28
[15-Dec-2022 12:46:00 UTC] PHP Warning:  Undefined variable $short_name in C:\xampp\htdocs\taobeauty\wp-content\themes\taobeauty\template-parts\components\home\services.php on line 28
[15-Dec-2022 12:53:00 UTC] PHP Deprecated:  Return type of Requests_Cookie_Jar::offsetExists($key) should either be compatible with ArrayAccess::offsetExists(mixed $offset): bool, or the #[\ReturnTypeWillChange] attribute should be used to temporarily suppress the notice in C:\xampp\htdocs\taobeauty\wp-includes\Requests\Cookie\Jar.php on line 63
[15-Dec-2022 12:53:00 UTC] PHP Deprecated:  Return type of Requests_Cookie_Jar::offsetGet($key) should either be compatible with ArrayAccess::offsetGet(mixed $offset): mixed, or the #[\ReturnTypeWillChange] attribute should be used to temporarily suppress the notice in C:\xampp\htdocs\taobeauty\wp-includes\Requests\Cookie\Jar.php on line 73
[15-Dec-2022 12:53:00 UTC] PHP Deprecated:  Return type of Requests_Cookie_Jar::offsetSet($key, $value) should either be compatible with ArrayAccess::offsetSet(mixed $offset, mixed $value): void, or the #[\ReturnTypeWillChange] attribute should be used to temporarily suppress the notice in C:\xampp\htdocs\taobeauty\wp-includes\Requests\Cookie\Jar.php on line 89
[15-Dec-2022 12:53:00 UTC] PHP Deprecated:  Return type of Requests_Cookie_Jar::offsetUnset($key) should either be compatible with ArrayAccess::offsetUnset(mixed $offset): void, or the #[\ReturnTypeWillChange] attribute should be used to temporarily suppress the notice in C:\xampp\htdocs\taobeauty\wp-includes\Requests\Cookie\Jar.php on line 102
[15-Dec-2022 12:53:00 UTC] PHP Deprecated:  Return type of Requests_Cookie_Jar::getIterator() should either be compatible with IteratorAggregate::getIterator(): Traversable, or the #[\ReturnTypeWillChange] attribute should be used to temporarily suppress the notice in C:\xampp\htdocs\taobeauty\wp-includes\Requests\Cookie\Jar.php on line 111
[15-Dec-2022 12:53:00 UTC] PHP Deprecated:  Return type of Requests_Utility_CaseInsensitiveDictionary::offsetExists($key) should either be compatible with ArrayAccess::offsetExists(mixed $offset): bool, or the #[\ReturnTypeWillChange] attribute should be used to temporarily suppress the notice in C:\xampp\htdocs\taobeauty\wp-includes\Requests\Utility\CaseInsensitiveDictionary.php on line 40
[15-Dec-2022 12:53:00 UTC] PHP Deprecated:  Return type of Requests_Utility_CaseInsensitiveDictionary::offsetGet($key) should either be compatible with ArrayAccess::offsetGet(mixed $offset): mixed, or the #[\ReturnTypeWillChange] attribute should be used to temporarily suppress the notice in C:\xampp\htdocs\taobeauty\wp-includes\Requests\Utility\CaseInsensitiveDictionary.php on line 51
[15-Dec-2022 12:53:00 UTC] PHP Deprecated:  Return type of Requests_Utility_CaseInsensitiveDictionary::offsetSet($key, $value) should either be compatible with ArrayAccess::offsetSet(mixed $offset, mixed $value): void, or the #[\ReturnTypeWillChange] attribute should be used to temporarily suppress the notice in C:\xampp\htdocs\taobeauty\wp-includes\Requests\Utility\CaseInsensitiveDictionary.php on line 68
[15-Dec-2022 12:53:00 UTC] PHP Deprecated:  Return type of Requests_Utility_CaseInsensitiveDictionary::offsetUnset($key) should either be compatible with ArrayAccess::offsetUnset(mixed $offset): void, or the #[\ReturnTypeWillChange] attribute should be used to temporarily suppress the notice in C:\xampp\htdocs\taobeauty\wp-includes\Requests\Utility\CaseInsensitiveDictionary.php on line 82
[15-Dec-2022 12:53:00 UTC] PHP Deprecated:  Return type of Requests_Utility_CaseInsensitiveDictionary::getIterator() should either be compatible with IteratorAggregate::getIterator(): Traversable, or the #[\ReturnTypeWillChange] attribute should be used to temporarily suppress the notice in C:\xampp\htdocs\taobeauty\wp-includes\Requests\Utility\CaseInsensitiveDictionary.php on line 91
[15-Dec-2022 13:50:16 UTC] PHP Deprecated:  Return type of Requests_Cookie_Jar::offsetExists($key) should either be compatible with ArrayAccess::offsetExists(mixed $offset): bool, or the #[\ReturnTypeWillChange] attribute should be used to temporarily suppress the notice in C:\xampp\htdocs\taobeauty\wp-includes\Requests\Cookie\Jar.php on line 63
[15-Dec-2022 13:50:16 UTC] PHP Deprecated:  Return type of Requests_Cookie_Jar::offsetGet($key) should either be compatible with ArrayAccess::offsetGet(mixed $offset): mixed, or the #[\ReturnTypeWillChange] attribute should be used to temporarily suppress the notice in C:\xampp\htdocs\taobeauty\wp-includes\Requests\Cookie\Jar.php on line 73
[15-Dec-2022 13:50:16 UTC] PHP Deprecated:  Return type of Requests_Cookie_Jar::offsetSet($key, $value) should either be compatible with ArrayAccess::offsetSet(mixed $offset, mixed $value): void, or the #[\ReturnTypeWillChange] attribute should be used to temporarily suppress the notice in C:\xampp\htdocs\taobeauty\wp-includes\Requests\Cookie\Jar.php on line 89
[15-Dec-2022 13:50:16 UTC] PHP Deprecated:  Return type of Requests_Cookie_Jar::offsetUnset($key) should either be compatible with ArrayAccess::offsetUnset(mixed $offset): void, or the #[\ReturnTypeWillChange] attribute should be used to temporarily suppress the notice in C:\xampp\htdocs\taobeauty\wp-includes\Requests\Cookie\Jar.php on line 102
[15-Dec-2022 13:50:16 UTC] PHP Deprecated:  Return type of Requests_Cookie_Jar::getIterator() should either be compatible with IteratorAggregate::getIterator(): Traversable, or the #[\ReturnTypeWillChange] attribute should be used to temporarily suppress the notice in C:\xampp\htdocs\taobeauty\wp-includes\Requests\Cookie\Jar.php on line 111
[15-Dec-2022 13:50:17 UTC] PHP Deprecated:  Return type of Requests_Utility_CaseInsensitiveDictionary::offsetExists($key) should either be compatible with ArrayAccess::offsetExists(mixed $offset): bool, or the #[\ReturnTypeWillChange] attribute should be used to temporarily suppress the notice in C:\xampp\htdocs\taobeauty\wp-includes\Requests\Utility\CaseInsensitiveDictionary.php on line 40
[15-Dec-2022 13:50:17 UTC] PHP Deprecated:  Return type of Requests_Utility_CaseInsensitiveDictionary::offsetGet($key) should either be compatible with ArrayAccess::offsetGet(mixed $offset): mixed, or the #[\ReturnTypeWillChange] attribute should be used to temporarily suppress the notice in C:\xampp\htdocs\taobeauty\wp-includes\Requests\Utility\CaseInsensitiveDictionary.php on line 51
[15-Dec-2022 13:50:17 UTC] PHP Deprecated:  Return type of Requests_Utility_CaseInsensitiveDictionary::offsetSet($key, $value) should either be compatible with ArrayAccess::offsetSet(mixed $offset, mixed $value): void, or the #[\ReturnTypeWillChange] attribute should be used to temporarily suppress the notice in C:\xampp\htdocs\taobeauty\wp-includes\Requests\Utility\CaseInsensitiveDictionary.php on line 68
[15-Dec-2022 13:50:17 UTC] PHP Deprecated:  Return type of Requests_Utility_CaseInsensitiveDictionary::offsetUnset($key) should either be compatible with ArrayAccess::offsetUnset(mixed $offset): void, or the #[\ReturnTypeWillChange] attribute should be used to temporarily suppress the notice in C:\xampp\htdocs\taobeauty\wp-includes\Requests\Utility\CaseInsensitiveDictionary.php on line 82
[15-Dec-2022 13:50:17 UTC] PHP Deprecated:  Return type of Requests_Utility_CaseInsensitiveDictionary::getIterator() should either be compatible with IteratorAggregate::getIterator(): Traversable, or the #[\ReturnTypeWillChange] attribute should be used to temporarily suppress the notice in C:\xampp\htdocs\taobeauty\wp-includes\Requests\Utility\CaseInsensitiveDictionary.php on line 91
[15-Dec-2022 13:52:39 UTC] PHP Deprecated:  Return type of Requests_Cookie_Jar::offsetExists($key) should either be compatible with ArrayAccess::offsetExists(mixed $offset): bool, or the #[\ReturnTypeWillChange] attribute should be used to temporarily suppress the notice in C:\xampp\htdocs\taobeauty\wp-includes\Requests\Cookie\Jar.php on line 63
[15-Dec-2022 13:52:39 UTC] PHP Deprecated:  Return type of Requests_Cookie_Jar::offsetGet($key) should either be compatible with ArrayAccess::offsetGet(mixed $offset): mixed, or the #[\ReturnTypeWillChange] attribute should be used to temporarily suppress the notice in C:\xampp\htdocs\taobeauty\wp-includes\Requests\Cookie\Jar.php on line 73
[15-Dec-2022 13:52:39 UTC] PHP Deprecated:  Return type of Requests_Cookie_Jar::offsetSet($key, $value) should either be compatible with ArrayAccess::offsetSet(mixed $offset, mixed $value): void, or the #[\ReturnTypeWillChange] attribute should be used to temporarily suppress the notice in C:\xampp\htdocs\taobeauty\wp-includes\Requests\Cookie\Jar.php on line 89
[15-Dec-2022 13:52:39 UTC] PHP Deprecated:  Return type of Requests_Cookie_Jar::offsetUnset($key) should either be compatible with ArrayAccess::offsetUnset(mixed $offset): void, or the #[\ReturnTypeWillChange] attribute should be used to temporarily suppress the notice in C:\xampp\htdocs\taobeauty\wp-includes\Requests\Cookie\Jar.php on line 102
[15-Dec-2022 13:52:39 UTC] PHP Deprecated:  Return type of Requests_Cookie_Jar::getIterator() should either be compatible with IteratorAggregate::getIterator(): Traversable, or the #[\ReturnTypeWillChange] attribute should be used to temporarily suppress the notice in C:\xampp\htdocs\taobeauty\wp-includes\Requests\Cookie\Jar.php on line 111
[15-Dec-2022 13:52:39 UTC] PHP Deprecated:  Return type of Requests_Utility_CaseInsensitiveDictionary::offsetExists($key) should either be compatible with ArrayAccess::offsetExists(mixed $offset): bool, or the #[\ReturnTypeWillChange] attribute should be used to temporarily suppress the notice in C:\xampp\htdocs\taobeauty\wp-includes\Requests\Utility\CaseInsensitiveDictionary.php on line 40
[15-Dec-2022 13:52:39 UTC] PHP Deprecated:  Return type of Requests_Utility_CaseInsensitiveDictionary::offsetGet($key) should either be compatible with ArrayAccess::offsetGet(mixed $offset): mixed, or the #[\ReturnTypeWillChange] attribute should be used to temporarily suppress the notice in C:\xampp\htdocs\taobeauty\wp-includes\Requests\Utility\CaseInsensitiveDictionary.php on line 51
[15-Dec-2022 13:52:39 UTC] PHP Deprecated:  Return type of Requests_Utility_CaseInsensitiveDictionary::offsetSet($key, $value) should either be compatible with ArrayAccess::offsetSet(mixed $offset, mixed $value): void, or the #[\ReturnTypeWillChange] attribute should be used to temporarily suppress the notice in C:\xampp\htdocs\taobeauty\wp-includes\Requests\Utility\CaseInsensitiveDictionary.php on line 68
[15-Dec-2022 13:52:39 UTC] PHP Deprecated:  Return type of Requests_Utility_CaseInsensitiveDictionary::offsetUnset($key) should either be compatible with ArrayAccess::offsetUnset(mixed $offset): void, or the #[\ReturnTypeWillChange] attribute should be used to temporarily suppress the notice in C:\xampp\htdocs\taobeauty\wp-includes\Requests\Utility\CaseInsensitiveDictionary.php on line 82
[15-Dec-2022 13:52:39 UTC] PHP Deprecated:  Return type of Requests_Utility_CaseInsensitiveDictionary::getIterator() should either be compatible with IteratorAggregate::getIterator(): Traversable, or the #[\ReturnTypeWillChange] attribute should be used to temporarily suppress the notice in C:\xampp\htdocs\taobeauty\wp-includes\Requests\Utility\CaseInsensitiveDictionary.php on line 91
